<?xml version="1.0" encoding="UTF-8"?>
<testsuite xmlns:xsi="http://www.w3.org/2001/XMLSchema-instance" xsi:noNamespaceSchemaLocation="https://maven.apache.org/surefire/maven-surefire-plugin/xsd/surefire-test-report-3.0.xsd" version="3.0" name="com.pastimedev.boba_back.BobaBackApplicationTests" time="9.241" tests="1" errors="0" skipped="0" failures="0">
  <properties>
[...]
</properties>
  <testcase name="contextLoads" classname="com.pastimedev.boba_back.BobaBackApplicationTests" time="0.857">
    <system-out><![CDATA[21:54:32.400 [main] INFO org.springframework.test.context.support.AnnotationConfigContextLoaderUtils -- Could not detect default configuration classes for test class [com.pastimedev.boba_back.BobaBackApplicationTests]: BobaBackApplicationTests does not declare any static, non-private, non-final, nested classes annotated with @Configuration.
21:54:32.592 [main] INFO org.springframework.boot.test.context.SpringBootTestContextBootstrapper -- Found @SpringBootConfiguration com.pastimedev.boba_back.BobaBackApplication for test class com.pastimedev.boba_back.BobaBackApplicationTests
21:54:32.733 [main] INFO org.springframework.boot.devtools.restart.RestartApplicationListener -- Restart disabled due to context in which it is running

  .   ____          _            __ _ _
 /\\ / ___'_ __ _ _(_)_ __  __ _ \ \ \ \
( ( )\___ | '_ | '_| | '_ \/ _` | \ \ \ \
 \\/  ___)| |_)| | | | | || (_| |  ) ) ) )
  '  |____| .__|_| |_|_| |_\__, | / / / /
 =========|_|==============|___/=/_/_/_/

 :: Spring Boot ::                (v3.3.5)

2024-10-27T21:54:33.120-04:00  INFO 84228 --- [boba-back] [           main] c.p.boba_back.BobaBackApplicationTests   : Starting BobaBackApplicationTests using Java 17.0.2 with PID 84228 (started by yehet in /Users/yehet/Documents/GitHub/bubble_back/server)
2024-10-27T21:54:33.126-04:00  INFO 84228 --- [boba-back] [           main] c.p.boba_back.BobaBackApplicationTests   : No active profile set, falling back to 1 default profile: "default"
2024-10-27T21:54:34.100-04:00  INFO 84228 --- [boba-back] [           main] .s.d.r.c.RepositoryConfigurationDelegate : Bootstrapping Spring Data JPA repositories in DEFAULT mode.
2024-10-27T21:54:34.126-04:00  INFO 84228 --- [boba-back] [           main] .s.d.r.c.RepositoryConfigurationDelegate : Finished Spring Data repository scanning in 20 ms. Found 0 JPA repository interfaces.
2024-10-27T21:54:34.760-04:00  INFO 84228 --- [boba-back] [           main] org.testcontainers.images.PullPolicy     : Image pull policy will be performed by: DefaultPullPolicy()
2024-10-27T21:54:34.762-04:00  INFO 84228 --- [boba-back] [           main] o.t.utility.ImageNameSubstitutor         : Image name substitution will be performed by: DefaultImageNameSubstitutor (composite of 'ConfigurationFileImageNameSubstitutor' and 'PrefixingImageNameSubstitutor')
2024-10-27T21:54:35.249-04:00  INFO 84228 --- [boba-back] [           main] o.t.d.DockerClientProviderStrategy       : Found Docker environment with Docker accessed via Unix socket (/Users/yehet/.docker/run/docker.sock)
2024-10-27T21:54:35.257-04:00  INFO 84228 --- [boba-back] [           main] org.testcontainers.DockerClientFactory   : Docker host IP address is localhost
2024-10-27T21:54:35.347-04:00  INFO 84228 --- [boba-back] [           main] org.testcontainers.DockerClientFactory   : Connected to docker: 
  Server Version: 25.0.2
  API Version: 1.44
  Operating System: Docker Desktop
  Total Memory: 7840 MB
2024-10-27T21:54:35.410-04:00  INFO 84228 --- [boba-back] [           main] tc.testcontainers/ryuk:0.7.0             : Pulling docker image: testcontainers/ryuk:0.7.0. Please be patient; this may take some time but only needs to be done once.
2024-10-27T21:54:35.699-04:00  INFO 84228 --- [boba-back] [           main] o.t.utility.RegistryAuthLocator          : Credential helper/store (docker-credential-desktop) does not have credentials for https://index.docker.io/v1/
2024-10-27T21:54:36.316-04:00  INFO 84228 --- [boba-back] [tream-516338723] tc.testcontainers/ryuk:0.7.0             : Starting to pull image
2024-10-27T21:54:36.371-04:00  INFO 84228 --- [boba-back] [tream-516338723] tc.testcontainers/ryuk:0.7.0             : Pulling image layers:  0 pending,  0 downloaded,  0 extracted, (0 bytes/0 bytes)
2024-10-27T21:54:36.755-04:00  INFO 84228 --- [boba-back] [tream-516338723] tc.testcontainers/ryuk:0.7.0             : Pulling image layers:  2 pending,  1 downloaded,  0 extracted, (66 KB/? MB)
2024-10-27T21:54:36.766-04:00  INFO 84228 --- [boba-back] [tream-516338723] tc.testcontainers/ryuk:0.7.0             : Pulling image layers:  1 pending,  2 downloaded,  0 extracted, (342 KB/? MB)
2024-10-27T21:54:36.802-04:00  INFO 84228 --- [boba-back] [tream-516338723] tc.testcontainers/ryuk:0.7.0             : Pulling image layers:  0 pending,  3 downloaded,  0 extracted, (372 KB/6 MB)
2024-10-27T21:54:36.871-04:00  INFO 84228 --- [boba-back] [tream-516338723] tc.testcontainers/ryuk:0.7.0             : Pulling image layers:  0 pending,  3 downloaded,  1 extracted, (3 MB/6 MB)
2024-10-27T21:54:36.925-04:00  INFO 84228 --- [boba-back] [tream-516338723] tc.testcontainers/ryuk:0.7.0             : Pulling image layers:  0 pending,  3 downloaded,  2 extracted, (3 MB/6 MB)
2024-10-27T21:54:36.965-04:00  INFO 84228 --- [boba-back] [tream-516338723] tc.testcontainers/ryuk:0.7.0             : Pulling image layers:  0 pending,  3 downloaded,  3 extracted, (6 MB/6 MB)
2024-10-27T21:54:36.971-04:00  INFO 84228 --- [boba-back] [           main] tc.testcontainers/ryuk:0.7.0             : Image testcontainers/ryuk:0.7.0 pull took PT1.560433S
2024-10-27T21:54:37.028-04:00  INFO 84228 --- [boba-back] [           main] tc.testcontainers/ryuk:0.7.0             : Creating container for image: testcontainers/ryuk:0.7.0
2024-10-27T21:54:37.200-04:00  INFO 84228 --- [boba-back] [           main] tc.testcontainers/ryuk:0.7.0             : Container testcontainers/ryuk:0.7.0 is starting: a4e6f905532861df654a78485bc4e45d14f189aa80a4ef205b0cb0dc2e55c115
2024-10-27T21:54:37.563-04:00  INFO 84228 --- [boba-back] [           main] tc.testcontainers/ryuk:0.7.0             : Container testcontainers/ryuk:0.7.0 started in PT0.53424S
2024-10-27T21:54:37.574-04:00  INFO 84228 --- [boba-back] [           main] o.t.utility.RyukResourceReaper           : Ryuk started - will monitor and terminate Testcontainers containers on JVM exit
2024-10-27T21:54:37.575-04:00  INFO 84228 --- [boba-back] [           main] org.testcontainers.DockerClientFactory   : Checking the system...
2024-10-27T21:54:37.575-04:00  INFO 84228 --- [boba-back] [           main] org.testcontainers.DockerClientFactory   : ✔︎ Docker server version should be at least 1.6.0
2024-10-27T21:54:37.579-04:00  INFO 84228 --- [boba-back] [           main] tc.postgres:16.3                         : Creating container for image: postgres:16.3
2024-10-27T21:54:37.640-04:00  INFO 84228 --- [boba-back] [           main] tc.postgres:16.3                         : Container postgres:16.3 is starting: 8c4fded4326a4603b5975f29cfbbd89dc33d100689a23c6caae6f8582b9fe058
2024-10-27T21:54:38.422-04:00  INFO 84228 --- [boba-back] [           main] tc.postgres:16.3                         : Container postgres:16.3 started in PT0.843227S
2024-10-27T21:54:38.425-04:00  INFO 84228 --- [boba-back] [           main] tc.postgres:16.3                         : Container is started (JDBC URL: jdbc:postgresql://localhost:55252/test?loggerLevel=OFF)
2024-10-27T21:54:38.644-04:00  INFO 84228 --- [boba-back] [           main] com.zaxxer.hikari.HikariDataSource       : HikariPool-1 - Starting...
2024-10-27T21:54:38.812-04:00  INFO 84228 --- [boba-back] [           main] com.zaxxer.hikari.pool.HikariPool        : HikariPool-1 - Added connection org.postgresql.jdbc.PgConnection@5e0f2c82
2024-10-27T21:54:38.815-04:00  INFO 84228 --- [boba-back] [           main] com.zaxxer.hikari.HikariDataSource       : HikariPool-1 - Start completed.
2024-10-27T21:54:38.872-04:00  INFO 84228 --- [boba-back] [           main] o.hibernate.jpa.internal.util.LogHelper  : HHH000204: Processing PersistenceUnitInfo [name: default]
2024-10-27T21:54:38.915-04:00  INFO 84228 --- [boba-back] [           main] org.hibernate.Version                    : HHH000412: Hibernate ORM core version 6.5.3.Final
2024-10-27T21:54:38.952-04:00  INFO 84228 --- [boba-back] [           main] o.h.c.internal.RegionFactoryInitiator    : HHH000026: Second-level cache disabled
2024-10-27T21:54:39.235-04:00  INFO 84228 --- [boba-back] [           main] o.s.o.j.p.SpringPersistenceUnitInfo      : No LoadTimeWeaver setup: ignoring JPA class transformer
2024-10-27T21:54:39.557-04:00  INFO 84228 --- [boba-back] [           main] o.h.e.t.j.p.i.JtaPlatformInitiator       : HHH000489: No JTA platform available (set 'hibernate.transaction.jta.platform' to enable JTA platform integration)
2024-10-27T21:54:39.560-04:00  INFO 84228 --- [boba-back] [           main] j.LocalContainerEntityManagerFactoryBean : Initialized JPA EntityManagerFactory for persistence unit 'default'
2024-10-27T21:54:39.867-04:00  WARN 84228 --- [boba-back] [           main] JpaBaseConfiguration$JpaWebConfiguration : spring.jpa.open-in-view is enabled by default. Therefore, database queries may be performed during view rendering. Explicitly configure spring.jpa.open-in-view to disable this warning
2024-10-27T21:54:40.539-04:00  INFO 84228 --- [boba-back] [           main] c.p.boba_back.BobaBackApplicationTests   : Started BobaBackApplicationTests in 7.814 seconds (process running for 9.085)
]]></system-out>
  </testcase>
</testsuite>